<?xml version="1.0" encoding="UTF-8"?>
<testng-results ignored="0" total="2" passed="0" failed="2" skipped="0">
  <reporter-output>
  </reporter-output>
  <suite started-at="2024-09-20T18:57:57 IST" name="Suite" finished-at="2024-09-20T18:58:03 IST" duration-ms="6074">
    <groups>
    </groups>
    <test started-at="2024-09-20T18:57:57 IST" name="Test" finished-at="2024-09-20T18:58:03 IST" duration-ms="6074">
      <class name="com.runner.AmazonRunner">
        <test-method is-config="true" signature="extendStartup()[pri:0, instance:com.runner.AmazonRunner@535779e4]" started-at="2024-09-20T18:57:57 IST" name="extendStartup" finished-at="2024-09-20T18:57:57 IST" duration-ms="137" status="PASS">
          <reporter-output>
          </reporter-output>
        </test-method> <!-- extendStartup -->
        <test-method is-config="true" signature="setUP()[pri:0, instance:com.runner.AmazonRunner@535779e4]" started-at="2024-09-20T18:57:57 IST" name="setUP" finished-at="2024-09-20T18:57:58 IST" duration-ms="1632" status="PASS">
          <reporter-output>
          </reporter-output>
        </test-method> <!-- setUP -->
        <test-method signature="invalidLogin()[pri:-2, instance:com.runner.AmazonRunner@535779e4]" started-at="2024-09-20T18:57:58 IST" name="invalidLogin" finished-at="2024-09-20T18:58:02 IST" duration-ms="3977" status="FAIL">
          <exception class="java.lang.AssertionError">
            <message>
              <![CDATA[expected [Enter a valid email address or phone number] but found [Amazon Sign In]]]>
            </message>
            <full-stacktrace>
              <![CDATA[java.lang.AssertionError: expected [Enter a valid email address or phone number] but found [Amazon Sign In]
at org.testng.Assert.fail(Assert.java:99)
at org.testng.Assert.failNotEquals(Assert.java:1037)
at org.testng.Assert.assertEqualsImpl(Assert.java:140)
at org.testng.Assert.assertEquals(Assert.java:122)
at org.testng.Assert.assertEquals(Assert.java:629)
at org.testng.Assert.assertEquals(Assert.java:639)
at com.pom.LoginPage.invalidMailID(LoginPage.java:76)
at com.runner.AmazonRunner.invalidLogin(AmazonRunner.java:42)
at java.base/jdk.internal.reflect.DirectMethodHandleAccessor.invoke(DirectMethodHandleAccessor.java:103)
at java.base/java.lang.reflect.Method.invoke(Method.java:580)
at org.testng.internal.MethodInvocationHelper.invokeMethod(MethodInvocationHelper.java:133)
at org.testng.internal.TestInvoker.invokeMethod(TestInvoker.java:598)
at org.testng.internal.TestInvoker.invokeTestMethod(TestInvoker.java:173)
at org.testng.internal.MethodRunner.runInSequence(MethodRunner.java:46)
at org.testng.internal.TestInvoker$MethodInvocationAgent.invoke(TestInvoker.java:824)
at org.testng.internal.TestInvoker.invokeTestMethods(TestInvoker.java:146)
at org.testng.internal.TestMethodWorker.invokeTestMethods(TestMethodWorker.java:146)
at org.testng.internal.TestMethodWorker.run(TestMethodWorker.java:128)
at java.base/java.util.concurrent.ThreadPoolExecutor.runWorker(ThreadPoolExecutor.java:1144)
at java.base/java.util.concurrent.ThreadPoolExecutor$Worker.run(ThreadPoolExecutor.java:642)
at java.base/java.lang.Thread.run(Thread.java:1570)
]]>
            </full-stacktrace>
          </exception> <!-- java.lang.AssertionError -->
          <reporter-output>
          </reporter-output>
        </test-method> <!-- invalidLogin -->
        <test-method signature="validLoginTest()[pri:-3, instance:com.runner.AmazonRunner@535779e4]" started-at="2024-09-20T18:57:58 IST" name="validLoginTest" finished-at="2024-09-20T18:58:03 IST" duration-ms="4132" status="FAIL">
          <exception class="java.lang.AssertionError">
            <message>
              <![CDATA[expected [Online Shopping ] but found [Amazon Sign In]]]>
            </message>
            <full-stacktrace>
              <![CDATA[java.lang.AssertionError: expected [Online Shopping ] but found [Amazon Sign In]
at org.testng.Assert.fail(Assert.java:99)
at org.testng.Assert.failNotEquals(Assert.java:1037)
at org.testng.Assert.assertEqualsImpl(Assert.java:140)
at org.testng.Assert.assertEquals(Assert.java:122)
at org.testng.Assert.assertEquals(Assert.java:629)
at org.testng.Assert.assertEquals(Assert.java:639)
at com.pom.LoginPage.validLogin(LoginPage.java:59)
at com.runner.AmazonRunner.validLoginTest(AmazonRunner.java:34)
at java.base/jdk.internal.reflect.DirectMethodHandleAccessor.invoke(DirectMethodHandleAccessor.java:103)
at java.base/java.lang.reflect.Method.invoke(Method.java:580)
at org.testng.internal.MethodInvocationHelper.invokeMethod(MethodInvocationHelper.java:133)
at org.testng.internal.TestInvoker.invokeMethod(TestInvoker.java:598)
at org.testng.internal.TestInvoker.invokeTestMethod(TestInvoker.java:173)
at org.testng.internal.MethodRunner.runInSequence(MethodRunner.java:46)
at org.testng.internal.TestInvoker$MethodInvocationAgent.invoke(TestInvoker.java:824)
at org.testng.internal.TestInvoker.invokeTestMethods(TestInvoker.java:146)
at org.testng.internal.TestMethodWorker.invokeTestMethods(TestMethodWorker.java:146)
at org.testng.internal.TestMethodWorker.run(TestMethodWorker.java:128)
at java.base/java.util.concurrent.ThreadPoolExecutor.runWorker(ThreadPoolExecutor.java:1144)
at java.base/java.util.concurrent.ThreadPoolExecutor$Worker.run(ThreadPoolExecutor.java:642)
at java.base/java.lang.Thread.run(Thread.java:1570)
]]>
            </full-stacktrace>
          </exception> <!-- java.lang.AssertionError -->
          <reporter-output>
          </reporter-output>
        </test-method> <!-- validLoginTest -->
        <test-method is-config="true" signature="temination()[pri:0, instance:com.runner.AmazonRunner@535779e4]" started-at="2024-09-20T18:58:03 IST" name="temination" finished-at="2024-09-20T18:58:03 IST" duration-ms="186" status="PASS">
          <reporter-output>
          </reporter-output>
        </test-method> <!-- temination -->
        <test-method is-config="true" signature="ExtendReportEnd()[pri:0, instance:com.runner.AmazonRunner@535779e4]" started-at="2024-09-20T18:58:03 IST" name="ExtendReportEnd" finished-at="2024-09-20T18:58:03 IST" duration-ms="383" status="PASS">
          <reporter-output>
          </reporter-output>
        </test-method> <!-- ExtendReportEnd -->
      </class> <!-- com.runner.AmazonRunner -->
    </test> <!-- Test -->
  </suite> <!-- Suite -->
</testng-results>
